2023-02-08 09:33:56,666 [Worker-8: Loading available Gradle versions] INFO  o.e.b.c.i.u.g.PublishedGradleVersions - Gradle version information cache is up-to-date. Trying to read.
2023-02-08 09:34:34,270 [Worker-8: Building] INFO  o.e.m.c.i.l.LifecycleMappingFactory - Using org.eclipse.m2e.jdt.JarLifecycleMapping lifecycle mapping for MavenProject: br.com.caiolobo.vendas.online:ClienteServiceAlunos:0.0.1-SNAPSHOT @ C:\Atividades EBAC\Projeto-Modulo42\EBAC-services-alunos\ClienteServiceAlunos\ClienteServiceAlunos\pom.xml.
2023-02-08 09:34:35,242 [Worker-8: Building] INFO  o.a.m.s.f.DefaultMavenResourcesFiltering - Copying 1 resource
2023-02-08 09:34:35,274 [Worker-8: Building] INFO  o.a.m.s.f.DefaultMavenResourcesFiltering - Copying 0 resource
2023-02-08 09:34:35,277 [Worker-8: Building] INFO  o.a.m.s.f.DefaultMavenResourcesFiltering - skip non existing resourceDirectory C:\Atividades EBAC\Projeto-Modulo42\EBAC-services-alunos\ClienteServiceAlunos\ClienteServiceAlunos\src\test\resources
2023-02-08 09:34:35,596 [Worker-8: Building] INFO  o.e.m.c.i.l.LifecycleMappingFactory - Using org.eclipse.m2e.jdt.JarLifecycleMapping lifecycle mapping for MavenProject: br.com.caiolobo.vendas.online:ConfigServerAlunos:0.0.1-SNAPSHOT @ C:\Atividades EBAC\Projeto-Modulo42\EBAC-services-alunos\ConfigServerAlunos\ConfigServerAlunos\pom.xml.
2023-02-08 09:34:36,052 [Worker-8: Building] INFO  o.a.m.s.f.DefaultMavenResourcesFiltering - Copying 1 resource
2023-02-08 09:34:36,095 [Worker-8: Building] INFO  o.a.m.s.f.DefaultMavenResourcesFiltering - Copying 0 resource
2023-02-08 09:34:36,102 [Worker-8: Building] INFO  o.a.m.s.f.DefaultMavenResourcesFiltering - skip non existing resourceDirectory C:\Atividades EBAC\Projeto-Modulo42\EBAC-services-alunos\ConfigServerAlunos\ConfigServerAlunos\src\test\resources
2023-02-08 09:34:36,190 [Worker-7: Updating Maven Dependencies] INFO  o.e.m.c.i.l.LifecycleMappingFactory - Using org.eclipse.m2e.jdt.JarLifecycleMapping lifecycle mapping for MavenProject: br.com.caiolobo.vendas.online:ConfigServerAlunos:0.0.1-SNAPSHOT @ C:\Atividades EBAC\Projeto-Modulo42\EBAC-services-alunos\ConfigServerAlunos\ConfigServerAlunos\pom.xml.
2023-02-08 09:34:36,544 [Worker-8: Building] INFO  o.e.m.c.i.l.LifecycleMappingFactory - Using org.eclipse.m2e.jdt.JarLifecycleMapping lifecycle mapping for MavenProject: br.com.caiolobo.vendas.online:ProdutoServiceAlunos:0.0.1-SNAPSHOT @ C:\Atividades EBAC\Projeto-Modulo42\EBAC-services-alunos\ProdutoServiceAlunos\ProdutoServiceAlunos\pom.xml.
2023-02-08 09:34:37,015 [Worker-8: Building] INFO  o.a.m.s.f.DefaultMavenResourcesFiltering - Copying 1 resource
2023-02-08 09:34:37,030 [Worker-8: Building] INFO  o.a.m.s.f.DefaultMavenResourcesFiltering - Copying 0 resource
2023-02-08 09:34:37,035 [Worker-8: Building] INFO  o.a.m.s.f.DefaultMavenResourcesFiltering - skip non existing resourceDirectory C:\Atividades EBAC\Projeto-Modulo42\EBAC-services-alunos\ProdutoServiceAlunos\ProdutoServiceAlunos\src\test\resources
2023-02-08 09:34:37,398 [Worker-8: Building] INFO  o.a.m.s.f.DefaultMavenResourcesFiltering - Copying 1 resource
2023-02-08 09:34:37,399 [Worker-8: Building] INFO  o.a.m.s.f.DefaultMavenResourcesFiltering - Copying 0 resource
2023-02-08 09:34:37,402 [Worker-8: Building] INFO  o.a.m.s.f.DefaultMavenResourcesFiltering - skip non existing resourceDirectory C:\Atividades EBAC\Projeto-Modulo42\EBAC-services-alunos\ClienteServiceAlunos\ClienteServiceAlunos\src\test\resources
2023-02-08 09:34:37,522 [Worker-8: Building] INFO  o.a.m.s.f.DefaultMavenResourcesFiltering - Copying 1 resource
2023-02-08 09:34:37,525 [Worker-8: Building] INFO  o.a.m.s.f.DefaultMavenResourcesFiltering - Copying 0 resource
2023-02-08 09:34:37,529 [Worker-8: Building] INFO  o.a.m.s.f.DefaultMavenResourcesFiltering - skip non existing resourceDirectory C:\Atividades EBAC\Projeto-Modulo42\EBAC-services-alunos\ConfigServerAlunos\ConfigServerAlunos\src\test\resources
2023-02-08 09:34:37,641 [Worker-8: Building] INFO  o.a.m.s.f.DefaultMavenResourcesFiltering - Copying 1 resource
2023-02-08 09:34:37,644 [Worker-8: Building] INFO  o.a.m.s.f.DefaultMavenResourcesFiltering - Copying 0 resource
2023-02-08 09:34:37,647 [Worker-8: Building] INFO  o.a.m.s.f.DefaultMavenResourcesFiltering - skip non existing resourceDirectory C:\Atividades EBAC\Projeto-Modulo42\EBAC-services-alunos\ProdutoServiceAlunos\ProdutoServiceAlunos\src\test\resources
2023-02-08 09:34:37,993 [Worker-8: Building] INFO  o.e.m.c.i.l.LifecycleMappingFactory - Using org.eclipse.m2e.jdt.JarLifecycleMapping lifecycle mapping for MavenProject: br.com.caiolobo.vendas.online:VendaServiceAlunos:0.0.1-SNAPSHOT @ C:\Atividades EBAC\Projeto-Modulo42\EBAC-services-alunos\VendaServiceAlunos\VendaServiceAlunos\pom.xml.
2023-02-08 09:34:38,404 [Worker-8: Building] INFO  o.a.m.s.f.DefaultMavenResourcesFiltering - Copying 1 resource
2023-02-08 09:34:38,411 [Worker-8: Building] INFO  o.a.m.s.f.DefaultMavenResourcesFiltering - Copying 0 resource
2023-02-08 09:34:38,413 [Worker-8: Building] INFO  o.a.m.s.f.DefaultMavenResourcesFiltering - skip non existing resourceDirectory C:\Atividades EBAC\Projeto-Modulo42\EBAC-services-alunos\VendaServiceAlunos\VendaServiceAlunos\src\test\resources
2023-02-08 09:34:39,457 [Worker-3: Updating Maven Dependencies] INFO  o.e.m.c.i.l.LifecycleMappingFactory - Using org.eclipse.m2e.jdt.JarLifecycleMapping lifecycle mapping for MavenProject: br.com.caiolobo.vendas.online:ConfigServerAlunos:0.0.1-SNAPSHOT @ C:\Atividades EBAC\Projeto-Modulo42\EBAC-services-alunos\ConfigServerAlunos\ConfigServerAlunos\pom.xml.
2023-02-08 09:34:40,148 [Worker-10: Building] INFO  o.a.m.s.f.DefaultMavenResourcesFiltering - Copying 0 resource
2023-02-08 09:34:40,148 [Worker-10: Building] INFO  o.a.m.s.f.DefaultMavenResourcesFiltering - Copying 0 resource
2023-02-08 09:34:40,151 [Worker-10: Building] INFO  o.a.m.s.f.DefaultMavenResourcesFiltering - skip non existing resourceDirectory C:\Atividades EBAC\Projeto-Modulo42\EBAC-services-alunos\ConfigServerAlunos\ConfigServerAlunos\src\test\resources
2023-02-08 09:34:40,158 [Worker-10: Building] INFO  o.a.m.s.f.DefaultMavenResourcesFiltering - Copying 1 resource
2023-02-08 09:34:40,160 [Worker-10: Building] INFO  o.a.m.s.f.DefaultMavenResourcesFiltering - Copying 0 resource
2023-02-08 09:34:40,162 [Worker-10: Building] INFO  o.a.m.s.f.DefaultMavenResourcesFiltering - skip non existing resourceDirectory C:\Atividades EBAC\Projeto-Modulo42\EBAC-services-alunos\VendaServiceAlunos\VendaServiceAlunos\src\test\resources
